The system is: Linux - 2.6.32-573.12.1.el6.x86_64 - x86_64
Compiling the Fortran compiler identification source file "CMakeFortranCompilerId.F" succeeded.
Compiler: /opt/intel/compilers_and_libraries_2017.2.174/linux/bin/intel64/ifort 
Build flags: 
Id flags: 

The output was:
0


Compilation of the Fortran compiler identification source "CMakeFortranCompilerId.F" produced "a.out"

The Fortran compiler identification is Intel, found in "/home/kazuma/RESPACK/build/CMakeFiles/2.8.12.2/CompilerIdFortran/a.out"

Compiling the C compiler identification source file "CMakeCCompilerId.c" succeeded.
Compiler: /opt/intel/compilers_and_libraries_2017.2.174/linux/bin/intel64/icc 
Build flags: 
Id flags: 

The output was:
0


Compilation of the C compiler identification source "CMakeCCompilerId.c" produced "a.out"

The C compiler identification is Intel, found in "/home/kazuma/RESPACK/build/CMakeFiles/2.8.12.2/CompilerIdC/a.out"

Determining if the Fortran compiler works passed with the following output:
Change Dir: /home/kazuma/RESPACK/build/CMakeFiles/CMakeTmp

Run Build Command:/usr/bin/gmake "cmTryCompileExec369381/fast"
gmake[1]: Entering directory `/home/kazuma/RESPACK/build/CMakeFiles/CMakeTmp'
/usr/bin/gmake -f CMakeFiles/cmTryCompileExec369381.dir/build.make CMakeFiles/cmTryCompileExec369381.dir/build
gmake[2]: Entering directory `/home/kazuma/RESPACK/build/CMakeFiles/CMakeTmp'
/usr/bin/cmake -E cmake_progress_report /home/kazuma/RESPACK/build/CMakeFiles/CMakeTmp/CMakeFiles 1
Building Fortran object CMakeFiles/cmTryCompileExec369381.dir/testFortranCompiler.f.o
/opt/intel/compilers_and_libraries_2017.2.174/linux/bin/intel64/ifort    -c /home/kazuma/RESPACK/build/CMakeFiles/CMakeTmp/testFortranCompiler.f -o CMakeFiles/cmTryCompileExec369381.dir/testFortranCompiler.f.o
Linking Fortran executable cmTryCompileExec369381
/usr/bin/cmake -E cmake_link_script CMakeFiles/cmTryCompileExec369381.dir/link.txt --verbose=1
/opt/intel/compilers_and_libraries_2017.2.174/linux/bin/intel64/ifort       CMakeFiles/cmTryCompileExec369381.dir/testFortranCompiler.f.o  -o cmTryCompileExec369381 -i_dynamic 
ifort: command line remark #10148: option '-i_dynamic' not supported
gmake[2]: Leaving directory `/home/kazuma/RESPACK/build/CMakeFiles/CMakeTmp'
gmake[1]: Leaving directory `/home/kazuma/RESPACK/build/CMakeFiles/CMakeTmp'


Detecting Fortran compiler ABI info compiled with the following output:
Change Dir: /home/kazuma/RESPACK/build/CMakeFiles/CMakeTmp

Run Build Command:/usr/bin/gmake "cmTryCompileExec4167423291/fast"
gmake[1]: Entering directory `/home/kazuma/RESPACK/build/CMakeFiles/CMakeTmp'
/usr/bin/gmake -f CMakeFiles/cmTryCompileExec4167423291.dir/build.make CMakeFiles/cmTryCompileExec4167423291.dir/build
gmake[2]: Entering directory `/home/kazuma/RESPACK/build/CMakeFiles/CMakeTmp'
/usr/bin/cmake -E cmake_progress_report /home/kazuma/RESPACK/build/CMakeFiles/CMakeTmp/CMakeFiles 1
Building Fortran object CMakeFiles/cmTryCompileExec4167423291.dir/CMakeFortranCompilerABI.F.o
/opt/intel/compilers_and_libraries_2017.2.174/linux/bin/intel64/ifort    -c /usr/share/cmake/Modules/CMakeFortranCompilerABI.F -o CMakeFiles/cmTryCompileExec4167423291.dir/CMakeFortranCompilerABI.F.o
Linking Fortran executable cmTryCompileExec4167423291
/usr/bin/cmake -E cmake_link_script CMakeFiles/cmTryCompileExec4167423291.dir/link.txt --verbose=1
/opt/intel/compilers_and_libraries_2017.2.174/linux/bin/intel64/ifort   -v   CMakeFiles/cmTryCompileExec4167423291.dir/CMakeFortranCompilerABI.F.o  -o cmTryCompileExec4167423291 -i_dynamic  
ifort: command line remark #10148: option '-i_dynamic' not supported
ifort version 17.0.2
/opt/intel/compilers_and_libraries_2017.2.174/linux/bin/intel64/fortcom    -mGLOB_em64t=TRUE -mP1OPT_version=17.0-intel64 -mGLOB_diag_file=CMakeFiles/cmTryCompileExec4167423291.dir/CMakeFortranCompilerABI.F.diag -mGLOB_long_size_64 -mGLOB_routine_pointer_size_64 -mGLOB_source_language=GLOB_SOURCE_LANGUAGE_F90 -mP2OPT_static_promotion -mP1OPT_print_version=FALSE -mCG_use_gas_got_workaround=F -mP2OPT_align_option_used=TRUE -mGLOB_gcc_version=447 "-mGLOB_options_string=-v -o cmTryCompileExec4167423291 -i_dynamic" -mGLOB_cxx_limited_range=FALSE -mCG_extend_parms=FALSE -mGLOB_compiler_bin_directory=/opt/intel/compilers_and_libraries_2017.2.174/linux/bin/intel64 -mGLOB_as_output_backup_file_name=/tmp/ifortXAyo80as_.s -mGLOB_dashboard_use_source_name -mIPOPT_activate -mGLOB_product_id_code=0x22006d8f -mP3OPT_use_mspp_call_convention -mP2OPT_subs_out_of_bound=FALSE -mP2OPT_disam_type_based_disam=2 -mGLOB_ansi_alias -mPGOPTI_value_profile_use=T -mGLOB_opt_report_use_source_name -mP2OPT_il0_array_sections=TRUE -mGLOB_offload_mode=1 -mP2OPT_offload_unique_var_string=ifort0461157637Xct2pQ -mP2OPT_hlo -mP2OPT_hpo_rtt_control=0 -mIPOPT_args_in_regs=0 -mP2OPT_disam_assume_nonstd_intent_in=FALSE -mGLOB_imf_mapping_library=/opt/intel/compilers_and_libraries_2017.2.174/linux/bin/intel64/libiml_attr.so -mPGOPTI_gen_threadsafe_level=0 -mIPOPT_link -mIPOPT_ipo_activate -mIPOPT_mo_activate -mIPOPT_source_files_list=/tmp/ifortslisOObqOD -mIPOPT_mo_global_data -mIPOPT_link_script_file=/tmp/ifortscriptgTBCf6 "-mIPOPT_cmdline_link="/usr/lib/gcc/x86_64-redhat-linux/4.4.7/../../../../lib64/crt1.o" "/usr/lib/gcc/x86_64-redhat-linux/4.4.7/../../../../lib64/crti.o" "/usr/lib/gcc/x86_64-redhat-linux/4.4.7/crtbegin.o" "--eh-frame-hdr" "--build-id" "-dynamic-linker" "/lib64/ld-linux-x86-64.so.2" "-m" "elf_x86_64" "-o" "cmTryCompileExec4167423291" "/opt/intel/compilers_and_libraries_2017.2.174/linux/compiler/lib/intel64_lin/for_main.o" "-L/opt/intel/compilers_and_libraries_2017.2.174/linux/ipp/lib/intel64" "-L/opt/intel/compilers_and_libraries_2017.2.174/linux/compiler/lib/intel64_lin" "-L/opt/intel/compilers_and_libraries_2017.2.174/linux/mkl/lib/intel64_lin" "-L/opt/intel/compilers_and_libraries_2017.2.174/linux/tbb/lib/intel64/gcc4.4" "-L/opt/intel/compilers_and_libraries_2017.2.174/linux/daal/lib/intel64_lin" "-L/opt/intel/compilers_and_libraries_2017.2.174/linux/daal/../tbb/lib/intel64_lin/gcc4.4" "-L/opt/intel/compilers_and_libraries_2017.2.174/linux/compiler/lib/intel64_lin" "-L/usr/lib/gcc/x86_64-redhat-linux/4.4.7/" "-L/usr/lib/gcc/x86_64-redhat-linux/4.4.7/../../../../lib64" "-L/usr/lib/gcc/x86_64-redhat-linux/4.4.7/../../../../lib64/" "-L/lib/../lib64" "-L/lib/../lib64/" "-L/usr/lib/../lib64" "-L/usr/lib/../lib64/" "-L/opt/intel/compilers_and_libraries_2017.2.174/linux/ipp/lib/intel64/" "-L/opt/intel/compilers_and_libraries_2017.2.174/linux/compiler/lib/intel64_lin/" "-L/opt/intel/compilers_and_libraries_2017.2.174/linux/mkl/lib/intel64_lin/" "-L/opt/intel/compilers_and_libraries_2017.2.174/linux/tbb/lib/intel64/gcc4.4/" "-L/opt/intel/compilers_and_libraries_2017.2.174/linux/daal/lib/intel64_lin/" "-L/opt/intel/compilers_and_libraries_2017.2.174/linux/daal/../tbb/lib/intel64_lin/gcc4.4/" "-L/usr/lib/gcc/x86_64-redhat-linux/4.4.7/../../../" "-L/lib64" "-L/lib/" "-L/usr/lib64" "-L/usr/lib" "CMakeFiles/cmTryCompileExec4167423291.dir/CMakeFortranCompilerABI.F.o" "-Bdynamic" "-Bstatic" "-lifport" "-lifcoremt" "-limf" "-lsvml" "-Bdynamic" "-lm" "-Bstatic" "-lipgo" "-lirc" "-Bdynamic" "-lpthread" "-Bstatic" "-lsvml" "-Bdynamic" "-lc" "-lgcc" "-lgcc_s" "-Bstatic" "-lirc_s" "-Bdynamic" "-ldl" "-lc" "/usr/lib/gcc/x86_64-redhat-linux/4.4.7/crtend.o" "/usr/lib/gcc/x86_64-redhat-linux/4.4.7/../../../../lib64/crtn.o"" -mIPOPT_il_in_obj -mIPOPT_ipo_activate_warn=FALSE -mIPOPT_obj_output_file_name=/tmp/ipo_ifortmyxkbT.o -mIPOPT_whole_archive_fixup_file_name=/tmp/ifortwarchxMUouo -mGLOB_linker_version=2.20.51.0.2 -mGLOB_driver_tempfile_name=/tmp/iforttempfilefdNVWQ -mP3OPT_asm_target=P3OPT_ASM_TARGET_GAS -mGLOB_async_unwind_tables=TRUE -mGLOB_obj_output_file=/tmp/ipo_ifortmyxkbT.o -mGLOB_source_dialect=GLOB_SOURCE_DIALECT_NONE -mP1OPT_source_file_name=ipo_out.f -mP2OPT_symtab_type_copy=true CMakeFiles/cmTryCompileExec4167423291.dir/CMakeFortranCompilerABI.F.o -mIPOPT_object_files=T -mIPOPT_assembly_files=/tmp/ifortalisKdNF3N -mIPOPT_generated_tempfiles=/tmp/ifortelisyb2Qug -mIPOPT_embedded_object_base_name=/tmp/iforteobjKSw2VI -mIPOPT_cmdline_link_new_name=/tmp/ifortllisgPcenb
ld    /usr/lib/gcc/x86_64-redhat-linux/4.4.7/../../../../lib64/crt1.o /usr/lib/gcc/x86_64-redhat-linux/4.4.7/../../../../lib64/crti.o /usr/lib/gcc/x86_64-redhat-linux/4.4.7/crtbegin.o --eh-frame-hdr --build-id -dynamic-linker /lib64/ld-linux-x86-64.so.2 -m elf_x86_64 -o cmTryCompileExec4167423291 /opt/intel/compilers_and_libraries_2017.2.174/linux/compiler/lib/intel64_lin/for_main.o -L/opt/intel/compilers_and_libraries_2017.2.174/linux/ipp/lib/intel64 -L/opt/intel/compilers_and_libraries_2017.2.174/linux/compiler/lib/intel64_lin -L/opt/intel/compilers_and_libraries_2017.2.174/linux/mkl/lib/intel64_lin -L/opt/intel/compilers_and_libraries_2017.2.174/linux/tbb/lib/intel64/gcc4.4 -L/opt/intel/compilers_and_libraries_2017.2.174/linux/daal/lib/intel64_lin -L/opt/intel/compilers_and_libraries_2017.2.174/linux/daal/../tbb/lib/intel64_lin/gcc4.4 -L/opt/intel/compilers_and_libraries_2017.2.174/linux/compiler/lib/intel64_lin -L/usr/lib/gcc/x86_64-redhat-linux/4.4.7/ -L/usr/lib/gcc/x86_64-redhat-linux/4.4.7/../../../../lib64 -L/usr/lib/gcc/x86_64-redhat-linux/4.4.7/../../../../lib64/ -L/lib/../lib64 -L/lib/../lib64/ -L/usr/lib/../lib64 -L/usr/lib/../lib64/ -L/opt/intel/compilers_and_libraries_2017.2.174/linux/ipp/lib/intel64/ -L/opt/intel/compilers_and_libraries_2017.2.174/linux/compiler/lib/intel64_lin/ -L/opt/intel/compilers_and_libraries_2017.2.174/linux/mkl/lib/intel64_lin/ -L/opt/intel/compilers_and_libraries_2017.2.174/linux/tbb/lib/intel64/gcc4.4/ -L/opt/intel/compilers_and_libraries_2017.2.174/linux/daal/lib/intel64_lin/ -L/opt/intel/compilers_and_libraries_2017.2.174/linux/daal/../tbb/lib/intel64_lin/gcc4.4/ -L/usr/lib/gcc/x86_64-redhat-linux/4.4.7/../../../ -L/lib64 -L/lib/ -L/usr/lib64 -L/usr/lib CMakeFiles/cmTryCompileExec4167423291.dir/CMakeFortranCompilerABI.F.o -Bdynamic -Bstatic -lifport -lifcoremt -limf -lsvml -Bdynamic -lm -Bstatic -lipgo -lirc -Bdynamic -lpthread -Bstatic -lsvml -Bdynamic -lc -lgcc -lgcc_s -Bstatic -lirc_s -Bdynamic -ldl -lc /usr/lib/gcc/x86_64-redhat-linux/4.4.7/crtend.o /usr/lib/gcc/x86_64-redhat-linux/4.4.7/../../../../lib64/crtn.o
gmake[2]: Leaving directory `/home/kazuma/RESPACK/build/CMakeFiles/CMakeTmp'
gmake[1]: Leaving directory `/home/kazuma/RESPACK/build/CMakeFiles/CMakeTmp'


Parsed Fortran implicit link information from above output:
  link line regex: [^( *|.*[/\])(ld|([^/\]+-)?ld|collect2)[^/\]*( |$)]
  ignore line: [Change Dir: /home/kazuma/RESPACK/build/CMakeFiles/CMakeTmp]
  ignore line: []
  ignore line: [Run Build Command:/usr/bin/gmake "cmTryCompileExec4167423291/fast"]
  ignore line: [gmake[1]: Entering directory `/home/kazuma/RESPACK/build/CMakeFiles/CMakeTmp']
  ignore line: [/usr/bin/gmake -f CMakeFiles/cmTryCompileExec4167423291.dir/build.make CMakeFiles/cmTryCompileExec4167423291.dir/build]
  ignore line: [gmake[2]: Entering directory `/home/kazuma/RESPACK/build/CMakeFiles/CMakeTmp']
  ignore line: [/usr/bin/cmake -E cmake_progress_report /home/kazuma/RESPACK/build/CMakeFiles/CMakeTmp/CMakeFiles 1]
  ignore line: [Building Fortran object CMakeFiles/cmTryCompileExec4167423291.dir/CMakeFortranCompilerABI.F.o]
  ignore line: [/opt/intel/compilers_and_libraries_2017.2.174/linux/bin/intel64/ifort    -c /usr/share/cmake/Modules/CMakeFortranCompilerABI.F -o CMakeFiles/cmTryCompileExec4167423291.dir/CMakeFortranCompilerABI.F.o]
  ignore line: [Linking Fortran executable cmTryCompileExec4167423291]
  ignore line: [/usr/bin/cmake -E cmake_link_script CMakeFiles/cmTryCompileExec4167423291.dir/link.txt --verbose=1]
  ignore line: [/opt/intel/compilers_and_libraries_2017.2.174/linux/bin/intel64/ifort   -v   CMakeFiles/cmTryCompileExec4167423291.dir/CMakeFortranCompilerABI.F.o  -o cmTryCompileExec4167423291 -i_dynamic  ]
  ignore line: [ifort: command line remark #10148: option '-i_dynamic' not supported]
  ignore line: [ifort version 17.0.2]
  ignore line: [/opt/intel/compilers_and_libraries_2017.2.174/linux/bin/intel64/fortcom    -mGLOB_em64t=TRUE -mP1OPT_version=17.0-intel64 -mGLOB_diag_file=CMakeFiles/cmTryCompileExec4167423291.dir/CMakeFortranCompilerABI.F.diag -mGLOB_long_size_64 -mGLOB_routine_pointer_size_64 -mGLOB_source_language=GLOB_SOURCE_LANGUAGE_F90 -mP2OPT_static_promotion -mP1OPT_print_version=FALSE -mCG_use_gas_got_workaround=F -mP2OPT_align_option_used=TRUE -mGLOB_gcc_version=447 "-mGLOB_options_string=-v -o cmTryCompileExec4167423291 -i_dynamic" -mGLOB_cxx_limited_range=FALSE -mCG_extend_parms=FALSE -mGLOB_compiler_bin_directory=/opt/intel/compilers_and_libraries_2017.2.174/linux/bin/intel64 -mGLOB_as_output_backup_file_name=/tmp/ifortXAyo80as_.s -mGLOB_dashboard_use_source_name -mIPOPT_activate -mGLOB_product_id_code=0x22006d8f -mP3OPT_use_mspp_call_convention -mP2OPT_subs_out_of_bound=FALSE -mP2OPT_disam_type_based_disam=2 -mGLOB_ansi_alias -mPGOPTI_value_profile_use=T -mGLOB_opt_report_use_source_name -mP2OPT_il0_array_sections=TRUE -mGLOB_offload_mode=1 -mP2OPT_offload_unique_var_string=ifort0461157637Xct2pQ -mP2OPT_hlo -mP2OPT_hpo_rtt_control=0 -mIPOPT_args_in_regs=0 -mP2OPT_disam_assume_nonstd_intent_in=FALSE -mGLOB_imf_mapping_library=/opt/intel/compilers_and_libraries_2017.2.174/linux/bin/intel64/libiml_attr.so -mPGOPTI_gen_threadsafe_level=0 -mIPOPT_link -mIPOPT_ipo_activate -mIPOPT_mo_activate -mIPOPT_source_files_list=/tmp/ifortslisOObqOD -mIPOPT_mo_global_data -mIPOPT_link_script_file=/tmp/ifortscriptgTBCf6 "-mIPOPT_cmdline_link="/usr/lib/gcc/x86_64-redhat-linux/4.4.7/../../../../lib64/crt1.o" "/usr/lib/gcc/x86_64-redhat-linux/4.4.7/../../../../lib64/crti.o" "/usr/lib/gcc/x86_64-redhat-linux/4.4.7/crtbegin.o" "--eh-frame-hdr" "--build-id" "-dynamic-linker" "/lib64/ld-linux-x86-64.so.2" "-m" "elf_x86_64" "-o" "cmTryCompileExec4167423291" "/opt/intel/compilers_and_libraries_2017.2.174/linux/compiler/lib/intel64_lin/for_main.o" "-L/opt/intel/compilers_and_libraries_2017.2.174/linux/ipp/lib/intel64" "-L/opt/intel/compilers_and_libraries_2017.2.174/linux/compiler/lib/intel64_lin" "-L/opt/intel/compilers_and_libraries_2017.2.174/linux/mkl/lib/intel64_lin" "-L/opt/intel/compilers_and_libraries_2017.2.174/linux/tbb/lib/intel64/gcc4.4" "-L/opt/intel/compilers_and_libraries_2017.2.174/linux/daal/lib/intel64_lin" "-L/opt/intel/compilers_and_libraries_2017.2.174/linux/daal/../tbb/lib/intel64_lin/gcc4.4" "-L/opt/intel/compilers_and_libraries_2017.2.174/linux/compiler/lib/intel64_lin" "-L/usr/lib/gcc/x86_64-redhat-linux/4.4.7/" "-L/usr/lib/gcc/x86_64-redhat-linux/4.4.7/../../../../lib64" "-L/usr/lib/gcc/x86_64-redhat-linux/4.4.7/../../../../lib64/" "-L/lib/../lib64" "-L/lib/../lib64/" "-L/usr/lib/../lib64" "-L/usr/lib/../lib64/" "-L/opt/intel/compilers_and_libraries_2017.2.174/linux/ipp/lib/intel64/" "-L/opt/intel/compilers_and_libraries_2017.2.174/linux/compiler/lib/intel64_lin/" "-L/opt/intel/compilers_and_libraries_2017.2.174/linux/mkl/lib/intel64_lin/" "-L/opt/intel/compilers_and_libraries_2017.2.174/linux/tbb/lib/intel64/gcc4.4/" "-L/opt/intel/compilers_and_libraries_2017.2.174/linux/daal/lib/intel64_lin/" "-L/opt/intel/compilers_and_libraries_2017.2.174/linux/daal/../tbb/lib/intel64_lin/gcc4.4/" "-L/usr/lib/gcc/x86_64-redhat-linux/4.4.7/../../../" "-L/lib64" "-L/lib/" "-L/usr/lib64" "-L/usr/lib" "CMakeFiles/cmTryCompileExec4167423291.dir/CMakeFortranCompilerABI.F.o" "-Bdynamic" "-Bstatic" "-lifport" "-lifcoremt" "-limf" "-lsvml" "-Bdynamic" "-lm" "-Bstatic" "-lipgo" "-lirc" "-Bdynamic" "-lpthread" "-Bstatic" "-lsvml" "-Bdynamic" "-lc" "-lgcc" "-lgcc_s" "-Bstatic" "-lirc_s" "-Bdynamic" "-ldl" "-lc" "/usr/lib/gcc/x86_64-redhat-linux/4.4.7/crtend.o" "/usr/lib/gcc/x86_64-redhat-linux/4.4.7/../../../../lib64/crtn.o"" -mIPOPT_il_in_obj -mIPOPT_ipo_activate_warn=FALSE -mIPOPT_obj_output_file_name=/tmp/ipo_ifortmyxkbT.o -mIPOPT_whole_archive_fixup_file_name=/tmp/ifortwarchxMUouo -mGLOB_linker_version=2.20.51.0.2 -mGLOB_driver_tempfile_name=/tmp/iforttempfilefdNVWQ -mP3OPT_asm_target=P3OPT_ASM_TARGET_GAS -mGLOB_async_unwind_tables=TRUE -mGLOB_obj_output_file=/tmp/ipo_ifortmyxkbT.o -mGLOB_source_dialect=GLOB_SOURCE_DIALECT_NONE -mP1OPT_source_file_name=ipo_out.f -mP2OPT_symtab_type_copy=true CMakeFiles/cmTryCompileExec4167423291.dir/CMakeFortranCompilerABI.F.o -mIPOPT_object_files=T -mIPOPT_assembly_files=/tmp/ifortalisKdNF3N -mIPOPT_generated_tempfiles=/tmp/ifortelisyb2Qug -mIPOPT_embedded_object_base_name=/tmp/iforteobjKSw2VI -mIPOPT_cmdline_link_new_name=/tmp/ifortllisgPcenb]
  link line: [ld    /usr/lib/gcc/x86_64-redhat-linux/4.4.7/../../../../lib64/crt1.o /usr/lib/gcc/x86_64-redhat-linux/4.4.7/../../../../lib64/crti.o /usr/lib/gcc/x86_64-redhat-linux/4.4.7/crtbegin.o --eh-frame-hdr --build-id -dynamic-linker /lib64/ld-linux-x86-64.so.2 -m elf_x86_64 -o cmTryCompileExec4167423291 /opt/intel/compilers_and_libraries_2017.2.174/linux/compiler/lib/intel64_lin/for_main.o -L/opt/intel/compilers_and_libraries_2017.2.174/linux/ipp/lib/intel64 -L/opt/intel/compilers_and_libraries_2017.2.174/linux/compiler/lib/intel64_lin -L/opt/intel/compilers_and_libraries_2017.2.174/linux/mkl/lib/intel64_lin -L/opt/intel/compilers_and_libraries_2017.2.174/linux/tbb/lib/intel64/gcc4.4 -L/opt/intel/compilers_and_libraries_2017.2.174/linux/daal/lib/intel64_lin -L/opt/intel/compilers_and_libraries_2017.2.174/linux/daal/../tbb/lib/intel64_lin/gcc4.4 -L/opt/intel/compilers_and_libraries_2017.2.174/linux/compiler/lib/intel64_lin -L/usr/lib/gcc/x86_64-redhat-linux/4.4.7/ -L/usr/lib/gcc/x86_64-redhat-linux/4.4.7/../../../../lib64 -L/usr/lib/gcc/x86_64-redhat-linux/4.4.7/../../../../lib64/ -L/lib/../lib64 -L/lib/../lib64/ -L/usr/lib/../lib64 -L/usr/lib/../lib64/ -L/opt/intel/compilers_and_libraries_2017.2.174/linux/ipp/lib/intel64/ -L/opt/intel/compilers_and_libraries_2017.2.174/linux/compiler/lib/intel64_lin/ -L/opt/intel/compilers_and_libraries_2017.2.174/linux/mkl/lib/intel64_lin/ -L/opt/intel/compilers_and_libraries_2017.2.174/linux/tbb/lib/intel64/gcc4.4/ -L/opt/intel/compilers_and_libraries_2017.2.174/linux/daal/lib/intel64_lin/ -L/opt/intel/compilers_and_libraries_2017.2.174/linux/daal/../tbb/lib/intel64_lin/gcc4.4/ -L/usr/lib/gcc/x86_64-redhat-linux/4.4.7/../../../ -L/lib64 -L/lib/ -L/usr/lib64 -L/usr/lib CMakeFiles/cmTryCompileExec4167423291.dir/CMakeFortranCompilerABI.F.o -Bdynamic -Bstatic -lifport -lifcoremt -limf -lsvml -Bdynamic -lm -Bstatic -lipgo -lirc -Bdynamic -lpthread -Bstatic -lsvml -Bdynamic -lc -lgcc -lgcc_s -Bstatic -lirc_s -Bdynamic -ldl -lc /usr/lib/gcc/x86_64-redhat-linux/4.4.7/crtend.o /usr/lib/gcc/x86_64-redhat-linux/4.4.7/../../../../lib64/crtn.o]
    arg [ld] ==> ignore
    arg [/usr/lib/gcc/x86_64-redhat-linux/4.4.7/../../../../lib64/crt1.o] ==> ignore
    arg [/usr/lib/gcc/x86_64-redhat-linux/4.4.7/../../../../lib64/crti.o] ==> ignore
    arg [/usr/lib/gcc/x86_64-redhat-linux/4.4.7/crtbegin.o] ==> ignore
    arg [--eh-frame-hdr] ==> ignore
    arg [--build-id] ==> ignore
    arg [-dynamic-linker] ==> ignore
    arg [/lib64/ld-linux-x86-64.so.2] ==> ignore
    arg [-m] ==> ignore
    arg [elf_x86_64] ==> ignore
    arg [-o] ==> ignore
    arg [cmTryCompileExec4167423291] ==> ignore
    arg [/opt/intel/compilers_and_libraries_2017.2.174/linux/compiler/lib/intel64_lin/for_main.o] ==> ignore
    arg [-L/opt/intel/compilers_and_libraries_2017.2.174/linux/ipp/lib/intel64] ==> dir [/opt/intel/compilers_and_libraries_2017.2.174/linux/ipp/lib/intel64]
    arg [-L/opt/intel/compilers_and_libraries_2017.2.174/linux/compiler/lib/intel64_lin] ==> dir [/opt/intel/compilers_and_libraries_2017.2.174/linux/compiler/lib/intel64_lin]
    arg [-L/opt/intel/compilers_and_libraries_2017.2.174/linux/mkl/lib/intel64_lin] ==> dir [/opt/intel/compilers_and_libraries_2017.2.174/linux/mkl/lib/intel64_lin]
    arg [-L/opt/intel/compilers_and_libraries_2017.2.174/linux/tbb/lib/intel64/gcc4.4] ==> dir [/opt/intel/compilers_and_libraries_2017.2.174/linux/tbb/lib/intel64/gcc4.4]
    arg [-L/opt/intel/compilers_and_libraries_2017.2.174/linux/daal/lib/intel64_lin] ==> dir [/opt/intel/compilers_and_libraries_2017.2.174/linux/daal/lib/intel64_lin]
    arg [-L/opt/intel/compilers_and_libraries_2017.2.174/linux/daal/../tbb/lib/intel64_lin/gcc4.4] ==> dir [/opt/intel/compilers_and_libraries_2017.2.174/linux/daal/../tbb/lib/intel64_lin/gcc4.4]
    arg [-L/opt/intel/compilers_and_libraries_2017.2.174/linux/compiler/lib/intel64_lin] ==> dir [/opt/intel/compilers_and_libraries_2017.2.174/linux/compiler/lib/intel64_lin]
    arg [-L/usr/lib/gcc/x86_64-redhat-linux/4.4.7/] ==> dir [/usr/lib/gcc/x86_64-redhat-linux/4.4.7/]
    arg [-L/usr/lib/gcc/x86_64-redhat-linux/4.4.7/../../../../lib64] ==> dir [/usr/lib/gcc/x86_64-redhat-linux/4.4.7/../../../../lib64]
    arg [-L/usr/lib/gcc/x86_64-redhat-linux/4.4.7/../../../../lib64/] ==> dir [/usr/lib/gcc/x86_64-redhat-linux/4.4.7/../../../../lib64/]
    arg [-L/lib/../lib64] ==> dir [/lib/../lib64]
    arg [-L/lib/../lib64/] ==> dir [/lib/../lib64/]
    arg [-L/usr/lib/../lib64] ==> dir [/usr/lib/../lib64]
    arg [-L/usr/lib/../lib64/] ==> dir [/usr/lib/../lib64/]
    arg [-L/opt/intel/compilers_and_libraries_2017.2.174/linux/ipp/lib/intel64/] ==> dir [/opt/intel/compilers_and_libraries_2017.2.174/linux/ipp/lib/intel64/]
    arg [-L/opt/intel/compilers_and_libraries_2017.2.174/linux/compiler/lib/intel64_lin/] ==> dir [/opt/intel/compilers_and_libraries_2017.2.174/linux/compiler/lib/intel64_lin/]
    arg [-L/opt/intel/compilers_and_libraries_2017.2.174/linux/mkl/lib/intel64_lin/] ==> dir [/opt/intel/compilers_and_libraries_2017.2.174/linux/mkl/lib/intel64_lin/]
    arg [-L/opt/intel/compilers_and_libraries_2017.2.174/linux/tbb/lib/intel64/gcc4.4/] ==> dir [/opt/intel/compilers_and_libraries_2017.2.174/linux/tbb/lib/intel64/gcc4.4/]
    arg [-L/opt/intel/compilers_and_libraries_2017.2.174/linux/daal/lib/intel64_lin/] ==> dir [/opt/intel/compilers_and_libraries_2017.2.174/linux/daal/lib/intel64_lin/]
    arg [-L/opt/intel/compilers_and_libraries_2017.2.174/linux/daal/../tbb/lib/intel64_lin/gcc4.4/] ==> dir [/opt/intel/compilers_and_libraries_2017.2.174/linux/daal/../tbb/lib/intel64_lin/gcc4.4/]
    arg [-L/usr/lib/gcc/x86_64-redhat-linux/4.4.7/../../../] ==> dir [/usr/lib/gcc/x86_64-redhat-linux/4.4.7/../../../]
    arg [-L/lib64] ==> dir [/lib64]
    arg [-L/lib/] ==> dir [/lib/]
    arg [-L/usr/lib64] ==> dir [/usr/lib64]
    arg [-L/usr/lib] ==> dir [/usr/lib]
    arg [CMakeFiles/cmTryCompileExec4167423291.dir/CMakeFortranCompilerABI.F.o] ==> ignore
    arg [-Bdynamic] ==> ignore
    arg [-Bstatic] ==> ignore
    arg [-lifport] ==> lib [ifport]
    arg [-lifcoremt] ==> lib [ifcoremt]
    arg [-limf] ==> lib [imf]
    arg [-lsvml] ==> lib [svml]
    arg [-Bdynamic] ==> ignore
    arg [-lm] ==> lib [m]
    arg [-Bstatic] ==> ignore
    arg [-lipgo] ==> lib [ipgo]
    arg [-lirc] ==> lib [irc]
    arg [-Bdynamic] ==> ignore
    arg [-lpthread] ==> lib [pthread]
    arg [-Bstatic] ==> ignore
    arg [-lsvml] ==> lib [svml]
    arg [-Bdynamic] ==> ignore
    arg [-lc] ==> lib [c]
    arg [-lgcc] ==> lib [gcc]
    arg [-lgcc_s] ==> lib [gcc_s]
    arg [-Bstatic] ==> ignore
    arg [-lirc_s] ==> lib [irc_s]
    arg [-Bdynamic] ==> ignore
    arg [-ldl] ==> lib [dl]
    arg [-lc] ==> lib [c]
    arg [/usr/lib/gcc/x86_64-redhat-linux/4.4.7/crtend.o] ==> ignore
    arg [/usr/lib/gcc/x86_64-redhat-linux/4.4.7/../../../../lib64/crtn.o] ==> ignore
  remove lib [gcc]
  remove lib [gcc_s]
  collapse library dir [/opt/intel/compilers_and_libraries_2017.2.174/linux/ipp/lib/intel64] ==> [/opt/intel/compilers_and_libraries_2017.2.174/linux/ipp/lib/intel64]
  collapse library dir [/opt/intel/compilers_and_libraries_2017.2.174/linux/compiler/lib/intel64_lin] ==> [/opt/intel/compilers_and_libraries_2017.2.174/linux/compiler/lib/intel64_lin]
  collapse library dir [/opt/intel/compilers_and_libraries_2017.2.174/linux/mkl/lib/intel64_lin] ==> [/opt/intel/compilers_and_libraries_2017.2.174/linux/mkl/lib/intel64_lin]
  collapse library dir [/opt/intel/compilers_and_libraries_2017.2.174/linux/tbb/lib/intel64/gcc4.4] ==> [/opt/intel/compilers_and_libraries_2017.2.174/linux/tbb/lib/intel64/gcc4.4]
  collapse library dir [/opt/intel/compilers_and_libraries_2017.2.174/linux/daal/lib/intel64_lin] ==> [/opt/intel/compilers_and_libraries_2017.2.174/linux/daal/lib/intel64_lin]
  collapse library dir [/opt/intel/compilers_and_libraries_2017.2.174/linux/daal/../tbb/lib/intel64_lin/gcc4.4] ==> [/opt/intel/compilers_and_libraries_2017.2.174/linux/tbb/lib/intel64_lin/gcc4.4]
  collapse library dir [/opt/intel/compilers_and_libraries_2017.2.174/linux/compiler/lib/intel64_lin] ==> [/opt/intel/compilers_and_libraries_2017.2.174/linux/compiler/lib/intel64_lin]
  collapse library dir [/usr/lib/gcc/x86_64-redhat-linux/4.4.7/] ==> [/usr/lib/gcc/x86_64-redhat-linux/4.4.7]
  collapse library dir [/usr/lib/gcc/x86_64-redhat-linux/4.4.7/../../../../lib64] ==> [/usr/lib64]
  collapse library dir [/usr/lib/gcc/x86_64-redhat-linux/4.4.7/../../../../lib64/] ==> [/usr/lib64]
  collapse library dir [/lib/../lib64] ==> [/lib64]
  collapse library dir [/lib/../lib64/] ==> [/lib64]
  collapse library dir [/usr/lib/../lib64] ==> [/usr/lib64]
  collapse library dir [/usr/lib/../lib64/] ==> [/usr/lib64]
  collapse library dir [/opt/intel/compilers_and_libraries_2017.2.174/linux/ipp/lib/intel64/] ==> [/opt/intel/compilers_and_libraries_2017.2.174/linux/ipp/lib/intel64]
  collapse library dir [/opt/intel/compilers_and_libraries_2017.2.174/linux/compiler/lib/intel64_lin/] ==> [/opt/intel/compilers_and_libraries_2017.2.174/linux/compiler/lib/intel64_lin]
  collapse library dir [/opt/intel/compilers_and_libraries_2017.2.174/linux/mkl/lib/intel64_lin/] ==> [/opt/intel/compilers_and_libraries_2017.2.174/linux/mkl/lib/intel64_lin]
  collapse library dir [/opt/intel/compilers_and_libraries_2017.2.174/linux/tbb/lib/intel64/gcc4.4/] ==> [/opt/intel/compilers_and_libraries_2017.2.174/linux/tbb/lib/intel64/gcc4.4]
  collapse library dir [/opt/intel/compilers_and_libraries_2017.2.174/linux/daal/lib/intel64_lin/] ==> [/opt/intel/compilers_and_libraries_2017.2.174/linux/daal/lib/intel64_lin]
  collapse library dir [/opt/intel/compilers_and_libraries_2017.2.174/linux/daal/../tbb/lib/intel64_lin/gcc4.4/] ==> [/opt/intel/compilers_and_libraries_2017.2.174/linux/tbb/lib/intel64_lin/gcc4.4]
  collapse library dir [/usr/lib/gcc/x86_64-redhat-linux/4.4.7/../../../] ==> [/usr/lib]
  collapse library dir [/lib64] ==> [/lib64]
  collapse library dir [/lib/] ==> [/lib]
  collapse library dir [/usr/lib64] ==> [/usr/lib64]
  collapse library dir [/usr/lib] ==> [/usr/lib]
  implicit libs: [ifport;ifcoremt;imf;svml;m;ipgo;irc;pthread;svml;c;irc_s;dl;c]
  implicit dirs: [/opt/intel/compilers_and_libraries_2017.2.174/linux/ipp/lib/intel64;/opt/intel/compilers_and_libraries_2017.2.174/linux/compiler/lib/intel64_lin;/opt/intel/compilers_and_libraries_2017.2.174/linux/mkl/lib/intel64_lin;/opt/intel/compilers_and_libraries_2017.2.174/linux/tbb/lib/intel64/gcc4.4;/opt/intel/compilers_and_libraries_2017.2.174/linux/daal/lib/intel64_lin;/opt/intel/compilers_and_libraries_2017.2.174/linux/tbb/lib/intel64_lin/gcc4.4;/usr/lib/gcc/x86_64-redhat-linux/4.4.7;/usr/lib64;/lib64;/usr/lib;/lib]
  implicit fwks: []


Determining if the Fortran compiler supports Fortran 90 passed with the following output:
Change Dir: /home/kazuma/RESPACK/build/CMakeFiles/CMakeTmp

Run Build Command:/usr/bin/gmake "cmTryCompileExec2377622465/fast"
gmake[1]: Entering directory `/home/kazuma/RESPACK/build/CMakeFiles/CMakeTmp'
/usr/bin/gmake -f CMakeFiles/cmTryCompileExec2377622465.dir/build.make CMakeFiles/cmTryCompileExec2377622465.dir/build
gmake[2]: Entering directory `/home/kazuma/RESPACK/build/CMakeFiles/CMakeTmp'
/usr/bin/cmake -E cmake_progress_report /home/kazuma/RESPACK/build/CMakeFiles/CMakeTmp/CMakeFiles 1
Building Fortran object CMakeFiles/cmTryCompileExec2377622465.dir/testFortranCompilerF90.f90.o
/opt/intel/compilers_and_libraries_2017.2.174/linux/bin/intel64/ifort    -c /home/kazuma/RESPACK/build/CMakeFiles/CMakeTmp/testFortranCompilerF90.f90 -o CMakeFiles/cmTryCompileExec2377622465.dir/testFortranCompilerF90.f90.o
Linking Fortran executable cmTryCompileExec2377622465
/usr/bin/cmake -E cmake_link_script CMakeFiles/cmTryCompileExec2377622465.dir/link.txt --verbose=1
/opt/intel/compilers_and_libraries_2017.2.174/linux/bin/intel64/ifort       CMakeFiles/cmTryCompileExec2377622465.dir/testFortranCompilerF90.f90.o  -o cmTryCompileExec2377622465 -i_dynamic 
ifort: command line remark #10148: option '-i_dynamic' not supported
gmake[2]: Leaving directory `/home/kazuma/RESPACK/build/CMakeFiles/CMakeTmp'
gmake[1]: Leaving directory `/home/kazuma/RESPACK/build/CMakeFiles/CMakeTmp'


Determining if the C compiler works passed with the following output:
Change Dir: /home/kazuma/RESPACK/build/CMakeFiles/CMakeTmp

Run Build Command:/usr/bin/gmake "cmTryCompileExec1825893650/fast"
gmake[1]: Entering directory `/home/kazuma/RESPACK/build/CMakeFiles/CMakeTmp'
/usr/bin/gmake -f CMakeFiles/cmTryCompileExec1825893650.dir/build.make CMakeFiles/cmTryCompileExec1825893650.dir/build
gmake[2]: Entering directory `/home/kazuma/RESPACK/build/CMakeFiles/CMakeTmp'
/usr/bin/cmake -E cmake_progress_report /home/kazuma/RESPACK/build/CMakeFiles/CMakeTmp/CMakeFiles 1
Building C object CMakeFiles/cmTryCompileExec1825893650.dir/testCCompiler.c.o
/opt/intel/compilers_and_libraries_2017.2.174/linux/bin/intel64/icc    -o CMakeFiles/cmTryCompileExec1825893650.dir/testCCompiler.c.o   -c /home/kazuma/RESPACK/build/CMakeFiles/CMakeTmp/testCCompiler.c
Linking C executable cmTryCompileExec1825893650
/usr/bin/cmake -E cmake_link_script CMakeFiles/cmTryCompileExec1825893650.dir/link.txt --verbose=1
/opt/intel/compilers_and_libraries_2017.2.174/linux/bin/intel64/icc       CMakeFiles/cmTryCompileExec1825893650.dir/testCCompiler.c.o  -o cmTryCompileExec1825893650 -rdynamic 
gmake[2]: Leaving directory `/home/kazuma/RESPACK/build/CMakeFiles/CMakeTmp'
gmake[1]: Leaving directory `/home/kazuma/RESPACK/build/CMakeFiles/CMakeTmp'


Detecting C compiler ABI info compiled with the following output:
Change Dir: /home/kazuma/RESPACK/build/CMakeFiles/CMakeTmp

Run Build Command:/usr/bin/gmake "cmTryCompileExec3922565754/fast"
gmake[1]: Entering directory `/home/kazuma/RESPACK/build/CMakeFiles/CMakeTmp'
/usr/bin/gmake -f CMakeFiles/cmTryCompileExec3922565754.dir/build.make CMakeFiles/cmTryCompileExec3922565754.dir/build
gmake[2]: Entering directory `/home/kazuma/RESPACK/build/CMakeFiles/CMakeTmp'
/usr/bin/cmake -E cmake_progress_report /home/kazuma/RESPACK/build/CMakeFiles/CMakeTmp/CMakeFiles 1
Building C object CMakeFiles/cmTryCompileExec3922565754.dir/CMakeCCompilerABI.c.o
/opt/intel/compilers_and_libraries_2017.2.174/linux/bin/intel64/icc    -o CMakeFiles/cmTryCompileExec3922565754.dir/CMakeCCompilerABI.c.o   -c /usr/share/cmake/Modules/CMakeCCompilerABI.c
Linking C executable cmTryCompileExec3922565754
/usr/bin/cmake -E cmake_link_script CMakeFiles/cmTryCompileExec3922565754.dir/link.txt --verbose=1
/opt/intel/compilers_and_libraries_2017.2.174/linux/bin/intel64/icc     -v CMakeFiles/cmTryCompileExec3922565754.dir/CMakeCCompilerABI.c.o  -o cmTryCompileExec3922565754 -rdynamic  
icc version 17.0.2 (gcc version 4.4.7 compatibility)
/opt/intel/compilers_and_libraries_2017.2.174/linux/bin/intel64/mcpcom    -mGLOB_em64t=TRUE -mP1OPT_version=17.0-intel64 -mGLOB_diag_file=CMakeFiles/cmTryCompileExec3922565754.dir/CMakeCCompilerABI.c.diag -mGLOB_long_size_64 -mGLOB_routine_pointer_size_64 -mP1OPT_print_version=FALSE -mCG_use_gas_got_workaround=F -mP2OPT_align_option_used=TRUE -mGLOB_gcc_version=447 "-mGLOB_options_string=-v -o cmTryCompileExec3922565754 -rdynamic" -mGLOB_cxx_limited_range=FALSE -mCG_extend_parms=FALSE -mGLOB_compiler_bin_directory=/opt/intel/compilers_and_libraries_2017.2.174/linux/bin/intel64 -mGLOB_as_output_backup_file_name=/tmp/iccZ2JAnEas_.s -mGLOB_dashboard_use_source_name -mIPOPT_activate -mGLOB_product_id_code=0x22006d91 -mP3OPT_use_mspp_call_convention -mP2OPT_subs_out_of_bound=FALSE -mP2OPT_disam_type_based_disam=2 -mP2OPT_disam_assume_ansi_c -mP2OPT_checked_disam_ansi_alias=TRUE -mGLOB_ansi_alias -mPGOPTI_value_profile_use=T -mGLOB_opt_report_use_source_name -mP2OPT_il0_array_sections=TRUE -mGLOB_offload_mode=1 -mP2OPT_offload_unique_var_string=icc0078871682NpqYeK -mP2OPT_hlo -mP2OPT_hpo_rtt_control=0 -mIPOPT_args_in_regs=0 -mP2OPT_disam_assume_nonstd_intent_in=FALSE -mGLOB_imf_mapping_library=/opt/intel/compilers_and_libraries_2017.2.174/linux/bin/intel64/libiml_attr.so -mPGOPTI_gen_threadsafe_level=0 -mIPOPT_link -mIPOPT_ipo_activate -mIPOPT_mo_activate -mIPOPT_source_files_list=/tmp/iccslis8X2afa -mIPOPT_mo_global_data -mIPOPT_link_script_file=/tmp/iccscriptRoSbXE "-mIPOPT_cmdline_link="/usr/lib/gcc/x86_64-redhat-linux/4.4.7/../../../../lib64/crt1.o" "/usr/lib/gcc/x86_64-redhat-linux/4.4.7/../../../../lib64/crti.o" "/usr/lib/gcc/x86_64-redhat-linux/4.4.7/crtbegin.o" "-export-dynamic" "--eh-frame-hdr" "--build-id" "-dynamic-linker" "/lib64/ld-linux-x86-64.so.2" "-m" "elf_x86_64" "-o" "cmTryCompileExec3922565754" "-L/opt/intel/compilers_and_libraries_2017.2.174/linux/ipp/lib/intel64" "-L/opt/intel/compilers_and_libraries_2017.2.174/linux/compiler/lib/intel64_lin" "-L/opt/intel/compilers_and_libraries_2017.2.174/linux/mkl/lib/intel64_lin" "-L/opt/intel/compilers_and_libraries_2017.2.174/linux/tbb/lib/intel64/gcc4.4" "-L/opt/intel/compilers_and_libraries_2017.2.174/linux/daal/lib/intel64_lin" "-L/opt/intel/compilers_and_libraries_2017.2.174/linux/daal/../tbb/lib/intel64_lin/gcc4.4" "-L/opt/intel/compilers_and_libraries_2017.2.174/linux/compiler/lib/intel64_lin" "-L/usr/lib/gcc/x86_64-redhat-linux/4.4.7/" "-L/usr/lib/gcc/x86_64-redhat-linux/4.4.7/../../../../lib64" "-L/usr/lib/gcc/x86_64-redhat-linux/4.4.7/../../../../lib64/" "-L/lib/../lib64" "-L/lib/../lib64/" "-L/usr/lib/../lib64" "-L/usr/lib/../lib64/" "-L/opt/intel/compilers_and_libraries_2017.2.174/linux/ipp/lib/intel64/" "-L/opt/intel/compilers_and_libraries_2017.2.174/linux/compiler/lib/intel64_lin/" "-L/opt/intel/compilers_and_libraries_2017.2.174/linux/mkl/lib/intel64_lin/" "-L/opt/intel/compilers_and_libraries_2017.2.174/linux/tbb/lib/intel64/gcc4.4/" "-L/opt/intel/compilers_and_libraries_2017.2.174/linux/daal/lib/intel64_lin/" "-L/opt/intel/compilers_and_libraries_2017.2.174/linux/daal/../tbb/lib/intel64_lin/gcc4.4/" "-L/usr/lib/gcc/x86_64-redhat-linux/4.4.7/../../../" "-L/lib64" "-L/lib/" "-L/usr/lib64" "-L/usr/lib" "CMakeFiles/cmTryCompileExec3922565754.dir/CMakeCCompilerABI.c.o" "-Bdynamic" "-Bstatic" "-limf" "-lsvml" "-lirng" "-Bdynamic" "-lm" "-Bstatic" "-lipgo" "-ldecimal" "--as-needed" "-Bdynamic" "-lcilkrts" "-lstdc++" "--no-as-needed" "-lgcc" "-lgcc_s" "-Bstatic" "-lirc" "-lsvml" "-Bdynamic" "-lc" "-lgcc" "-lgcc_s" "-Bstatic" "-lirc_s" "-Bdynamic" "-ldl" "-lc" "/usr/lib/gcc/x86_64-redhat-linux/4.4.7/crtend.o" "/usr/lib/gcc/x86_64-redhat-linux/4.4.7/../../../../lib64/crtn.o"" -mIPOPT_il_in_obj -mIPOPT_ipo_activate_warn=FALSE -mIPOPT_obj_output_file_name=/tmp/ipo_iccRnicZb.o -mIPOPT_whole_archive_fixup_file_name=/tmp/iccwarchvoo2x8 -mGLOB_linker_version=2.20.51.0.2 -mGLOB_driver_tempfile_name=/tmp/icctempfileQavnhD -mP3OPT_asm_target=P3OPT_ASM_TARGET_GAS -mGLOB_async_unwind_tables=TRUE -mGLOB_obj_output_file=/tmp/ipo_iccRnicZb.o -mGLOB_source_dialect=GLOB_SOURCE_DIALECT_NONE -mP1OPT_source_file_name=ipo_out.c CMakeFiles/cmTryCompileExec3922565754.dir/CMakeCCompilerABI.c.o -mIPOPT_object_files=T -mIPOPT_assembly_files=/tmp/iccalisr3xapb -mIPOPT_generated_tempfiles=/tmp/iccelisTO896F -mIPOPT_embedded_object_base_name=/tmp/icceobjrbbaPa -mIPOPT_cmdline_link_new_name=/tmp/iccllisITwaxF
ld    /usr/lib/gcc/x86_64-redhat-linux/4.4.7/../../../../lib64/crt1.o /usr/lib/gcc/x86_64-redhat-linux/4.4.7/../../../../lib64/crti.o /usr/lib/gcc/x86_64-redhat-linux/4.4.7/crtbegin.o -export-dynamic --eh-frame-hdr --build-id -dynamic-linker /lib64/ld-linux-x86-64.so.2 -m elf_x86_64 -o cmTryCompileExec3922565754 -L/opt/intel/compilers_and_libraries_2017.2.174/linux/ipp/lib/intel64 -L/opt/intel/compilers_and_libraries_2017.2.174/linux/compiler/lib/intel64_lin -L/opt/intel/compilers_and_libraries_2017.2.174/linux/mkl/lib/intel64_lin -L/opt/intel/compilers_and_libraries_2017.2.174/linux/tbb/lib/intel64/gcc4.4 -L/opt/intel/compilers_and_libraries_2017.2.174/linux/daal/lib/intel64_lin -L/opt/intel/compilers_and_libraries_2017.2.174/linux/daal/../tbb/lib/intel64_lin/gcc4.4 -L/opt/intel/compilers_and_libraries_2017.2.174/linux/compiler/lib/intel64_lin -L/usr/lib/gcc/x86_64-redhat-linux/4.4.7/ -L/usr/lib/gcc/x86_64-redhat-linux/4.4.7/../../../../lib64 -L/usr/lib/gcc/x86_64-redhat-linux/4.4.7/../../../../lib64/ -L/lib/../lib64 -L/lib/../lib64/ -L/usr/lib/../lib64 -L/usr/lib/../lib64/ -L/opt/intel/compilers_and_libraries_2017.2.174/linux/ipp/lib/intel64/ -L/opt/intel/compilers_and_libraries_2017.2.174/linux/compiler/lib/intel64_lin/ -L/opt/intel/compilers_and_libraries_2017.2.174/linux/mkl/lib/intel64_lin/ -L/opt/intel/compilers_and_libraries_2017.2.174/linux/tbb/lib/intel64/gcc4.4/ -L/opt/intel/compilers_and_libraries_2017.2.174/linux/daal/lib/intel64_lin/ -L/opt/intel/compilers_and_libraries_2017.2.174/linux/daal/../tbb/lib/intel64_lin/gcc4.4/ -L/usr/lib/gcc/x86_64-redhat-linux/4.4.7/../../../ -L/lib64 -L/lib/ -L/usr/lib64 -L/usr/lib CMakeFiles/cmTryCompileExec3922565754.dir/CMakeCCompilerABI.c.o -Bdynamic -Bstatic -limf -lsvml -lirng -Bdynamic -lm -Bstatic -lipgo -ldecimal --as-needed -Bdynamic -lcilkrts -lstdc++ --no-as-needed -lgcc -lgcc_s -Bstatic -lirc -lsvml -Bdynamic -lc -lgcc -lgcc_s -Bstatic -lirc_s -Bdynamic -ldl -lc /usr/lib/gcc/x86_64-redhat-linux/4.4.7/crtend.o /usr/lib/gcc/x86_64-redhat-linux/4.4.7/../../../../lib64/crtn.o
gmake[2]: Leaving directory `/home/kazuma/RESPACK/build/CMakeFiles/CMakeTmp'
gmake[1]: Leaving directory `/home/kazuma/RESPACK/build/CMakeFiles/CMakeTmp'


Parsed C implicit link information from above output:
  link line regex: [^( *|.*[/\])(ld|([^/\]+-)?ld|collect2)[^/\]*( |$)]
  ignore line: [Change Dir: /home/kazuma/RESPACK/build/CMakeFiles/CMakeTmp]
  ignore line: []
  ignore line: [Run Build Command:/usr/bin/gmake "cmTryCompileExec3922565754/fast"]
  ignore line: [gmake[1]: Entering directory `/home/kazuma/RESPACK/build/CMakeFiles/CMakeTmp']
  ignore line: [/usr/bin/gmake -f CMakeFiles/cmTryCompileExec3922565754.dir/build.make CMakeFiles/cmTryCompileExec3922565754.dir/build]
  ignore line: [gmake[2]: Entering directory `/home/kazuma/RESPACK/build/CMakeFiles/CMakeTmp']
  ignore line: [/usr/bin/cmake -E cmake_progress_report /home/kazuma/RESPACK/build/CMakeFiles/CMakeTmp/CMakeFiles 1]
  ignore line: [Building C object CMakeFiles/cmTryCompileExec3922565754.dir/CMakeCCompilerABI.c.o]
  ignore line: [/opt/intel/compilers_and_libraries_2017.2.174/linux/bin/intel64/icc    -o CMakeFiles/cmTryCompileExec3922565754.dir/CMakeCCompilerABI.c.o   -c /usr/share/cmake/Modules/CMakeCCompilerABI.c]
  ignore line: [Linking C executable cmTryCompileExec3922565754]
  ignore line: [/usr/bin/cmake -E cmake_link_script CMakeFiles/cmTryCompileExec3922565754.dir/link.txt --verbose=1]
  ignore line: [/opt/intel/compilers_and_libraries_2017.2.174/linux/bin/intel64/icc     -v CMakeFiles/cmTryCompileExec3922565754.dir/CMakeCCompilerABI.c.o  -o cmTryCompileExec3922565754 -rdynamic  ]
  ignore line: [icc version 17.0.2 (gcc version 4.4.7 compatibility)]
  ignore line: [/opt/intel/compilers_and_libraries_2017.2.174/linux/bin/intel64/mcpcom    -mGLOB_em64t=TRUE -mP1OPT_version=17.0-intel64 -mGLOB_diag_file=CMakeFiles/cmTryCompileExec3922565754.dir/CMakeCCompilerABI.c.diag -mGLOB_long_size_64 -mGLOB_routine_pointer_size_64 -mP1OPT_print_version=FALSE -mCG_use_gas_got_workaround=F -mP2OPT_align_option_used=TRUE -mGLOB_gcc_version=447 "-mGLOB_options_string=-v -o cmTryCompileExec3922565754 -rdynamic" -mGLOB_cxx_limited_range=FALSE -mCG_extend_parms=FALSE -mGLOB_compiler_bin_directory=/opt/intel/compilers_and_libraries_2017.2.174/linux/bin/intel64 -mGLOB_as_output_backup_file_name=/tmp/iccZ2JAnEas_.s -mGLOB_dashboard_use_source_name -mIPOPT_activate -mGLOB_product_id_code=0x22006d91 -mP3OPT_use_mspp_call_convention -mP2OPT_subs_out_of_bound=FALSE -mP2OPT_disam_type_based_disam=2 -mP2OPT_disam_assume_ansi_c -mP2OPT_checked_disam_ansi_alias=TRUE -mGLOB_ansi_alias -mPGOPTI_value_profile_use=T -mGLOB_opt_report_use_source_name -mP2OPT_il0_array_sections=TRUE -mGLOB_offload_mode=1 -mP2OPT_offload_unique_var_string=icc0078871682NpqYeK -mP2OPT_hlo -mP2OPT_hpo_rtt_control=0 -mIPOPT_args_in_regs=0 -mP2OPT_disam_assume_nonstd_intent_in=FALSE -mGLOB_imf_mapping_library=/opt/intel/compilers_and_libraries_2017.2.174/linux/bin/intel64/libiml_attr.so -mPGOPTI_gen_threadsafe_level=0 -mIPOPT_link -mIPOPT_ipo_activate -mIPOPT_mo_activate -mIPOPT_source_files_list=/tmp/iccslis8X2afa -mIPOPT_mo_global_data -mIPOPT_link_script_file=/tmp/iccscriptRoSbXE "-mIPOPT_cmdline_link="/usr/lib/gcc/x86_64-redhat-linux/4.4.7/../../../../lib64/crt1.o" "/usr/lib/gcc/x86_64-redhat-linux/4.4.7/../../../../lib64/crti.o" "/usr/lib/gcc/x86_64-redhat-linux/4.4.7/crtbegin.o" "-export-dynamic" "--eh-frame-hdr" "--build-id" "-dynamic-linker" "/lib64/ld-linux-x86-64.so.2" "-m" "elf_x86_64" "-o" "cmTryCompileExec3922565754" "-L/opt/intel/compilers_and_libraries_2017.2.174/linux/ipp/lib/intel64" "-L/opt/intel/compilers_and_libraries_2017.2.174/linux/compiler/lib/intel64_lin" "-L/opt/intel/compilers_and_libraries_2017.2.174/linux/mkl/lib/intel64_lin" "-L/opt/intel/compilers_and_libraries_2017.2.174/linux/tbb/lib/intel64/gcc4.4" "-L/opt/intel/compilers_and_libraries_2017.2.174/linux/daal/lib/intel64_lin" "-L/opt/intel/compilers_and_libraries_2017.2.174/linux/daal/../tbb/lib/intel64_lin/gcc4.4" "-L/opt/intel/compilers_and_libraries_2017.2.174/linux/compiler/lib/intel64_lin" "-L/usr/lib/gcc/x86_64-redhat-linux/4.4.7/" "-L/usr/lib/gcc/x86_64-redhat-linux/4.4.7/../../../../lib64" "-L/usr/lib/gcc/x86_64-redhat-linux/4.4.7/../../../../lib64/" "-L/lib/../lib64" "-L/lib/../lib64/" "-L/usr/lib/../lib64" "-L/usr/lib/../lib64/" "-L/opt/intel/compilers_and_libraries_2017.2.174/linux/ipp/lib/intel64/" "-L/opt/intel/compilers_and_libraries_2017.2.174/linux/compiler/lib/intel64_lin/" "-L/opt/intel/compilers_and_libraries_2017.2.174/linux/mkl/lib/intel64_lin/" "-L/opt/intel/compilers_and_libraries_2017.2.174/linux/tbb/lib/intel64/gcc4.4/" "-L/opt/intel/compilers_and_libraries_2017.2.174/linux/daal/lib/intel64_lin/" "-L/opt/intel/compilers_and_libraries_2017.2.174/linux/daal/../tbb/lib/intel64_lin/gcc4.4/" "-L/usr/lib/gcc/x86_64-redhat-linux/4.4.7/../../../" "-L/lib64" "-L/lib/" "-L/usr/lib64" "-L/usr/lib" "CMakeFiles/cmTryCompileExec3922565754.dir/CMakeCCompilerABI.c.o" "-Bdynamic" "-Bstatic" "-limf" "-lsvml" "-lirng" "-Bdynamic" "-lm" "-Bstatic" "-lipgo" "-ldecimal" "--as-needed" "-Bdynamic" "-lcilkrts" "-lstdc++" "--no-as-needed" "-lgcc" "-lgcc_s" "-Bstatic" "-lirc" "-lsvml" "-Bdynamic" "-lc" "-lgcc" "-lgcc_s" "-Bstatic" "-lirc_s" "-Bdynamic" "-ldl" "-lc" "/usr/lib/gcc/x86_64-redhat-linux/4.4.7/crtend.o" "/usr/lib/gcc/x86_64-redhat-linux/4.4.7/../../../../lib64/crtn.o"" -mIPOPT_il_in_obj -mIPOPT_ipo_activate_warn=FALSE -mIPOPT_obj_output_file_name=/tmp/ipo_iccRnicZb.o -mIPOPT_whole_archive_fixup_file_name=/tmp/iccwarchvoo2x8 -mGLOB_linker_version=2.20.51.0.2 -mGLOB_driver_tempfile_name=/tmp/icctempfileQavnhD -mP3OPT_asm_target=P3OPT_ASM_TARGET_GAS -mGLOB_async_unwind_tables=TRUE -mGLOB_obj_output_file=/tmp/ipo_iccRnicZb.o -mGLOB_source_dialect=GLOB_SOURCE_DIALECT_NONE -mP1OPT_source_file_name=ipo_out.c CMakeFiles/cmTryCompileExec3922565754.dir/CMakeCCompilerABI.c.o -mIPOPT_object_files=T -mIPOPT_assembly_files=/tmp/iccalisr3xapb -mIPOPT_generated_tempfiles=/tmp/iccelisTO896F -mIPOPT_embedded_object_base_name=/tmp/icceobjrbbaPa -mIPOPT_cmdline_link_new_name=/tmp/iccllisITwaxF]
  link line: [ld    /usr/lib/gcc/x86_64-redhat-linux/4.4.7/../../../../lib64/crt1.o /usr/lib/gcc/x86_64-redhat-linux/4.4.7/../../../../lib64/crti.o /usr/lib/gcc/x86_64-redhat-linux/4.4.7/crtbegin.o -export-dynamic --eh-frame-hdr --build-id -dynamic-linker /lib64/ld-linux-x86-64.so.2 -m elf_x86_64 -o cmTryCompileExec3922565754 -L/opt/intel/compilers_and_libraries_2017.2.174/linux/ipp/lib/intel64 -L/opt/intel/compilers_and_libraries_2017.2.174/linux/compiler/lib/intel64_lin -L/opt/intel/compilers_and_libraries_2017.2.174/linux/mkl/lib/intel64_lin -L/opt/intel/compilers_and_libraries_2017.2.174/linux/tbb/lib/intel64/gcc4.4 -L/opt/intel/compilers_and_libraries_2017.2.174/linux/daal/lib/intel64_lin -L/opt/intel/compilers_and_libraries_2017.2.174/linux/daal/../tbb/lib/intel64_lin/gcc4.4 -L/opt/intel/compilers_and_libraries_2017.2.174/linux/compiler/lib/intel64_lin -L/usr/lib/gcc/x86_64-redhat-linux/4.4.7/ -L/usr/lib/gcc/x86_64-redhat-linux/4.4.7/../../../../lib64 -L/usr/lib/gcc/x86_64-redhat-linux/4.4.7/../../../../lib64/ -L/lib/../lib64 -L/lib/../lib64/ -L/usr/lib/../lib64 -L/usr/lib/../lib64/ -L/opt/intel/compilers_and_libraries_2017.2.174/linux/ipp/lib/intel64/ -L/opt/intel/compilers_and_libraries_2017.2.174/linux/compiler/lib/intel64_lin/ -L/opt/intel/compilers_and_libraries_2017.2.174/linux/mkl/lib/intel64_lin/ -L/opt/intel/compilers_and_libraries_2017.2.174/linux/tbb/lib/intel64/gcc4.4/ -L/opt/intel/compilers_and_libraries_2017.2.174/linux/daal/lib/intel64_lin/ -L/opt/intel/compilers_and_libraries_2017.2.174/linux/daal/../tbb/lib/intel64_lin/gcc4.4/ -L/usr/lib/gcc/x86_64-redhat-linux/4.4.7/../../../ -L/lib64 -L/lib/ -L/usr/lib64 -L/usr/lib CMakeFiles/cmTryCompileExec3922565754.dir/CMakeCCompilerABI.c.o -Bdynamic -Bstatic -limf -lsvml -lirng -Bdynamic -lm -Bstatic -lipgo -ldecimal --as-needed -Bdynamic -lcilkrts -lstdc++ --no-as-needed -lgcc -lgcc_s -Bstatic -lirc -lsvml -Bdynamic -lc -lgcc -lgcc_s -Bstatic -lirc_s -Bdynamic -ldl -lc /usr/lib/gcc/x86_64-redhat-linux/4.4.7/crtend.o /usr/lib/gcc/x86_64-redhat-linux/4.4.7/../../../../lib64/crtn.o]
    arg [ld] ==> ignore
    arg [/usr/lib/gcc/x86_64-redhat-linux/4.4.7/../../../../lib64/crt1.o] ==> ignore
    arg [/usr/lib/gcc/x86_64-redhat-linux/4.4.7/../../../../lib64/crti.o] ==> ignore
    arg [/usr/lib/gcc/x86_64-redhat-linux/4.4.7/crtbegin.o] ==> ignore
    arg [-export-dynamic] ==> ignore
    arg [--eh-frame-hdr] ==> ignore
    arg [--build-id] ==> ignore
    arg [-dynamic-linker] ==> ignore
    arg [/lib64/ld-linux-x86-64.so.2] ==> ignore
    arg [-m] ==> ignore
    arg [elf_x86_64] ==> ignore
    arg [-o] ==> ignore
    arg [cmTryCompileExec3922565754] ==> ignore
    arg [-L/opt/intel/compilers_and_libraries_2017.2.174/linux/ipp/lib/intel64] ==> dir [/opt/intel/compilers_and_libraries_2017.2.174/linux/ipp/lib/intel64]
    arg [-L/opt/intel/compilers_and_libraries_2017.2.174/linux/compiler/lib/intel64_lin] ==> dir [/opt/intel/compilers_and_libraries_2017.2.174/linux/compiler/lib/intel64_lin]
    arg [-L/opt/intel/compilers_and_libraries_2017.2.174/linux/mkl/lib/intel64_lin] ==> dir [/opt/intel/compilers_and_libraries_2017.2.174/linux/mkl/lib/intel64_lin]
    arg [-L/opt/intel/compilers_and_libraries_2017.2.174/linux/tbb/lib/intel64/gcc4.4] ==> dir [/opt/intel/compilers_and_libraries_2017.2.174/linux/tbb/lib/intel64/gcc4.4]
    arg [-L/opt/intel/compilers_and_libraries_2017.2.174/linux/daal/lib/intel64_lin] ==> dir [/opt/intel/compilers_and_libraries_2017.2.174/linux/daal/lib/intel64_lin]
    arg [-L/opt/intel/compilers_and_libraries_2017.2.174/linux/daal/../tbb/lib/intel64_lin/gcc4.4] ==> dir [/opt/intel/compilers_and_libraries_2017.2.174/linux/daal/../tbb/lib/intel64_lin/gcc4.4]
    arg [-L/opt/intel/compilers_and_libraries_2017.2.174/linux/compiler/lib/intel64_lin] ==> dir [/opt/intel/compilers_and_libraries_2017.2.174/linux/compiler/lib/intel64_lin]
    arg [-L/usr/lib/gcc/x86_64-redhat-linux/4.4.7/] ==> dir [/usr/lib/gcc/x86_64-redhat-linux/4.4.7/]
    arg [-L/usr/lib/gcc/x86_64-redhat-linux/4.4.7/../../../../lib64] ==> dir [/usr/lib/gcc/x86_64-redhat-linux/4.4.7/../../../../lib64]
    arg [-L/usr/lib/gcc/x86_64-redhat-linux/4.4.7/../../../../lib64/] ==> dir [/usr/lib/gcc/x86_64-redhat-linux/4.4.7/../../../../lib64/]
    arg [-L/lib/../lib64] ==> dir [/lib/../lib64]
    arg [-L/lib/../lib64/] ==> dir [/lib/../lib64/]
    arg [-L/usr/lib/../lib64] ==> dir [/usr/lib/../lib64]
    arg [-L/usr/lib/../lib64/] ==> dir [/usr/lib/../lib64/]
    arg [-L/opt/intel/compilers_and_libraries_2017.2.174/linux/ipp/lib/intel64/] ==> dir [/opt/intel/compilers_and_libraries_2017.2.174/linux/ipp/lib/intel64/]
    arg [-L/opt/intel/compilers_and_libraries_2017.2.174/linux/compiler/lib/intel64_lin/] ==> dir [/opt/intel/compilers_and_libraries_2017.2.174/linux/compiler/lib/intel64_lin/]
    arg [-L/opt/intel/compilers_and_libraries_2017.2.174/linux/mkl/lib/intel64_lin/] ==> dir [/opt/intel/compilers_and_libraries_2017.2.174/linux/mkl/lib/intel64_lin/]
    arg [-L/opt/intel/compilers_and_libraries_2017.2.174/linux/tbb/lib/intel64/gcc4.4/] ==> dir [/opt/intel/compilers_and_libraries_2017.2.174/linux/tbb/lib/intel64/gcc4.4/]
    arg [-L/opt/intel/compilers_and_libraries_2017.2.174/linux/daal/lib/intel64_lin/] ==> dir [/opt/intel/compilers_and_libraries_2017.2.174/linux/daal/lib/intel64_lin/]
    arg [-L/opt/intel/compilers_and_libraries_2017.2.174/linux/daal/../tbb/lib/intel64_lin/gcc4.4/] ==> dir [/opt/intel/compilers_and_libraries_2017.2.174/linux/daal/../tbb/lib/intel64_lin/gcc4.4/]
    arg [-L/usr/lib/gcc/x86_64-redhat-linux/4.4.7/../../../] ==> dir [/usr/lib/gcc/x86_64-redhat-linux/4.4.7/../../../]
    arg [-L/lib64] ==> dir [/lib64]
    arg [-L/lib/] ==> dir [/lib/]
    arg [-L/usr/lib64] ==> dir [/usr/lib64]
    arg [-L/usr/lib] ==> dir [/usr/lib]
    arg [CMakeFiles/cmTryCompileExec3922565754.dir/CMakeCCompilerABI.c.o] ==> ignore
    arg [-Bdynamic] ==> ignore
    arg [-Bstatic] ==> ignore
    arg [-limf] ==> lib [imf]
    arg [-lsvml] ==> lib [svml]
    arg [-lirng] ==> lib [irng]
    arg [-Bdynamic] ==> ignore
    arg [-lm] ==> lib [m]
    arg [-Bstatic] ==> ignore
    arg [-lipgo] ==> lib [ipgo]
    arg [-ldecimal] ==> lib [decimal]
    arg [--as-needed] ==> ignore
    arg [-Bdynamic] ==> ignore
    arg [-lcilkrts] ==> lib [cilkrts]
    arg [-lstdc++] ==> lib [stdc++]
    arg [--no-as-needed] ==> ignore
    arg [-lgcc] ==> lib [gcc]
    arg [-lgcc_s] ==> lib [gcc_s]
    arg [-Bstatic] ==> ignore
    arg [-lirc] ==> lib [irc]
    arg [-lsvml] ==> lib [svml]
    arg [-Bdynamic] ==> ignore
    arg [-lc] ==> lib [c]
    arg [-lgcc] ==> lib [gcc]
    arg [-lgcc_s] ==> lib [gcc_s]
    arg [-Bstatic] ==> ignore
    arg [-lirc_s] ==> lib [irc_s]
    arg [-Bdynamic] ==> ignore
    arg [-ldl] ==> lib [dl]
    arg [-lc] ==> lib [c]
    arg [/usr/lib/gcc/x86_64-redhat-linux/4.4.7/crtend.o] ==> ignore
    arg [/usr/lib/gcc/x86_64-redhat-linux/4.4.7/../../../../lib64/crtn.o] ==> ignore
  remove lib [gcc]
  remove lib [gcc_s]
  remove lib [gcc]
  remove lib [gcc_s]
  collapse library dir [/opt/intel/compilers_and_libraries_2017.2.174/linux/ipp/lib/intel64] ==> [/opt/intel/compilers_and_libraries_2017.2.174/linux/ipp/lib/intel64]
  collapse library dir [/opt/intel/compilers_and_libraries_2017.2.174/linux/compiler/lib/intel64_lin] ==> [/opt/intel/compilers_and_libraries_2017.2.174/linux/compiler/lib/intel64_lin]
  collapse library dir [/opt/intel/compilers_and_libraries_2017.2.174/linux/mkl/lib/intel64_lin] ==> [/opt/intel/compilers_and_libraries_2017.2.174/linux/mkl/lib/intel64_lin]
  collapse library dir [/opt/intel/compilers_and_libraries_2017.2.174/linux/tbb/lib/intel64/gcc4.4] ==> [/opt/intel/compilers_and_libraries_2017.2.174/linux/tbb/lib/intel64/gcc4.4]
  collapse library dir [/opt/intel/compilers_and_libraries_2017.2.174/linux/daal/lib/intel64_lin] ==> [/opt/intel/compilers_and_libraries_2017.2.174/linux/daal/lib/intel64_lin]
  collapse library dir [/opt/intel/compilers_and_libraries_2017.2.174/linux/daal/../tbb/lib/intel64_lin/gcc4.4] ==> [/opt/intel/compilers_and_libraries_2017.2.174/linux/tbb/lib/intel64_lin/gcc4.4]
  collapse library dir [/opt/intel/compilers_and_libraries_2017.2.174/linux/compiler/lib/intel64_lin] ==> [/opt/intel/compilers_and_libraries_2017.2.174/linux/compiler/lib/intel64_lin]
  collapse library dir [/usr/lib/gcc/x86_64-redhat-linux/4.4.7/] ==> [/usr/lib/gcc/x86_64-redhat-linux/4.4.7]
  collapse library dir [/usr/lib/gcc/x86_64-redhat-linux/4.4.7/../../../../lib64] ==> [/usr/lib64]
  collapse library dir [/usr/lib/gcc/x86_64-redhat-linux/4.4.7/../../../../lib64/] ==> [/usr/lib64]
  collapse library dir [/lib/../lib64] ==> [/lib64]
  collapse library dir [/lib/../lib64/] ==> [/lib64]
  collapse library dir [/usr/lib/../lib64] ==> [/usr/lib64]
  collapse library dir [/usr/lib/../lib64/] ==> [/usr/lib64]
  collapse library dir [/opt/intel/compilers_and_libraries_2017.2.174/linux/ipp/lib/intel64/] ==> [/opt/intel/compilers_and_libraries_2017.2.174/linux/ipp/lib/intel64]
  collapse library dir [/opt/intel/compilers_and_libraries_2017.2.174/linux/compiler/lib/intel64_lin/] ==> [/opt/intel/compilers_and_libraries_2017.2.174/linux/compiler/lib/intel64_lin]
  collapse library dir [/opt/intel/compilers_and_libraries_2017.2.174/linux/mkl/lib/intel64_lin/] ==> [/opt/intel/compilers_and_libraries_2017.2.174/linux/mkl/lib/intel64_lin]
  collapse library dir [/opt/intel/compilers_and_libraries_2017.2.174/linux/tbb/lib/intel64/gcc4.4/] ==> [/opt/intel/compilers_and_libraries_2017.2.174/linux/tbb/lib/intel64/gcc4.4]
  collapse library dir [/opt/intel/compilers_and_libraries_2017.2.174/linux/daal/lib/intel64_lin/] ==> [/opt/intel/compilers_and_libraries_2017.2.174/linux/daal/lib/intel64_lin]
  collapse library dir [/opt/intel/compilers_and_libraries_2017.2.174/linux/daal/../tbb/lib/intel64_lin/gcc4.4/] ==> [/opt/intel/compilers_and_libraries_2017.2.174/linux/tbb/lib/intel64_lin/gcc4.4]
  collapse library dir [/usr/lib/gcc/x86_64-redhat-linux/4.4.7/../../../] ==> [/usr/lib]
  collapse library dir [/lib64] ==> [/lib64]
  collapse library dir [/lib/] ==> [/lib]
  collapse library dir [/usr/lib64] ==> [/usr/lib64]
  collapse library dir [/usr/lib] ==> [/usr/lib]
  implicit libs: [imf;svml;irng;m;ipgo;decimal;cilkrts;stdc++;irc;svml;c;irc_s;dl;c]
  implicit dirs: [/opt/intel/compilers_and_libraries_2017.2.174/linux/ipp/lib/intel64;/opt/intel/compilers_and_libraries_2017.2.174/linux/compiler/lib/intel64_lin;/opt/intel/compilers_and_libraries_2017.2.174/linux/mkl/lib/intel64_lin;/opt/intel/compilers_and_libraries_2017.2.174/linux/tbb/lib/intel64/gcc4.4;/opt/intel/compilers_and_libraries_2017.2.174/linux/daal/lib/intel64_lin;/opt/intel/compilers_and_libraries_2017.2.174/linux/tbb/lib/intel64_lin/gcc4.4;/usr/lib/gcc/x86_64-redhat-linux/4.4.7;/usr/lib64;/lib64;/usr/lib;/lib]
  implicit fwks: []


Determining if the Fortran sgemm exists passed with the following output:
Change Dir: /home/kazuma/RESPACK/build/CMakeFiles/CMakeTmp

Run Build Command:/usr/bin/gmake "cmTryCompileExec3884132071/fast"
gmake[1]: Entering directory `/home/kazuma/RESPACK/build/CMakeFiles/CMakeTmp'
/usr/bin/gmake -f CMakeFiles/cmTryCompileExec3884132071.dir/build.make CMakeFiles/cmTryCompileExec3884132071.dir/build
gmake[2]: Entering directory `/home/kazuma/RESPACK/build/CMakeFiles/CMakeTmp'
/usr/bin/cmake -E cmake_progress_report /home/kazuma/RESPACK/build/CMakeFiles/CMakeTmp/CMakeFiles 1
Building Fortran object CMakeFiles/cmTryCompileExec3884132071.dir/testFortranCompiler.f.o
/opt/intel/compilers_and_libraries_2017.2.174/linux/bin/intel64/ifort    -c /home/kazuma/RESPACK/build/CMakeFiles/CMakeTmp/testFortranCompiler.f -o CMakeFiles/cmTryCompileExec3884132071.dir/testFortranCompiler.f.o
Linking Fortran executable cmTryCompileExec3884132071
/usr/bin/cmake -E cmake_link_script CMakeFiles/cmTryCompileExec3884132071.dir/link.txt --verbose=1
/opt/intel/compilers_and_libraries_2017.2.174/linux/bin/intel64/ifort       CMakeFiles/cmTryCompileExec3884132071.dir/testFortranCompiler.f.o  -o cmTryCompileExec3884132071 -i_dynamic /usr/lib64/libblas.so 
ifort: command line remark #10148: option '-i_dynamic' not supported
gmake[2]: Leaving directory `/home/kazuma/RESPACK/build/CMakeFiles/CMakeTmp'
gmake[1]: Leaving directory `/home/kazuma/RESPACK/build/CMakeFiles/CMakeTmp'


Determining if files pthread.h exist passed with the following output:
Change Dir: /home/kazuma/RESPACK/build/CMakeFiles/CMakeTmp

Run Build Command:/usr/bin/gmake "cmTryCompileExec1476032928/fast"
gmake[1]: Entering directory `/home/kazuma/RESPACK/build/CMakeFiles/CMakeTmp'
/usr/bin/gmake -f CMakeFiles/cmTryCompileExec1476032928.dir/build.make CMakeFiles/cmTryCompileExec1476032928.dir/build
gmake[2]: Entering directory `/home/kazuma/RESPACK/build/CMakeFiles/CMakeTmp'
/usr/bin/cmake -E cmake_progress_report /home/kazuma/RESPACK/build/CMakeFiles/CMakeTmp/CMakeFiles 1
Building C object CMakeFiles/cmTryCompileExec1476032928.dir/CheckIncludeFiles.c.o
/opt/intel/compilers_and_libraries_2017.2.174/linux/bin/intel64/icc    -o CMakeFiles/cmTryCompileExec1476032928.dir/CheckIncludeFiles.c.o   -c /home/kazuma/RESPACK/build/CMakeFiles/CMakeTmp/CheckIncludeFiles.c
Linking C executable cmTryCompileExec1476032928
/usr/bin/cmake -E cmake_link_script CMakeFiles/cmTryCompileExec1476032928.dir/link.txt --verbose=1
/opt/intel/compilers_and_libraries_2017.2.174/linux/bin/intel64/icc       CMakeFiles/cmTryCompileExec1476032928.dir/CheckIncludeFiles.c.o  -o cmTryCompileExec1476032928 -rdynamic 
gmake[2]: Leaving directory `/home/kazuma/RESPACK/build/CMakeFiles/CMakeTmp'
gmake[1]: Leaving directory `/home/kazuma/RESPACK/build/CMakeFiles/CMakeTmp'


Determining if the function pthread_create exists in the pthread passed with the following output:
Change Dir: /home/kazuma/RESPACK/build/CMakeFiles/CMakeTmp

Run Build Command:/usr/bin/gmake "cmTryCompileExec3126862455/fast"
gmake[1]: Entering directory `/home/kazuma/RESPACK/build/CMakeFiles/CMakeTmp'
/usr/bin/gmake -f CMakeFiles/cmTryCompileExec3126862455.dir/build.make CMakeFiles/cmTryCompileExec3126862455.dir/build
gmake[2]: Entering directory `/home/kazuma/RESPACK/build/CMakeFiles/CMakeTmp'
/usr/bin/cmake -E cmake_progress_report /home/kazuma/RESPACK/build/CMakeFiles/CMakeTmp/CMakeFiles 1
Building C object CMakeFiles/cmTryCompileExec3126862455.dir/CheckFunctionExists.c.o
/opt/intel/compilers_and_libraries_2017.2.174/linux/bin/intel64/icc   -DCHECK_FUNCTION_EXISTS=pthread_create   -o CMakeFiles/cmTryCompileExec3126862455.dir/CheckFunctionExists.c.o   -c /usr/share/cmake/Modules/CheckFunctionExists.c
Linking C executable cmTryCompileExec3126862455
/usr/bin/cmake -E cmake_link_script CMakeFiles/cmTryCompileExec3126862455.dir/link.txt --verbose=1
/opt/intel/compilers_and_libraries_2017.2.174/linux/bin/intel64/icc   -DCHECK_FUNCTION_EXISTS=pthread_create    CMakeFiles/cmTryCompileExec3126862455.dir/CheckFunctionExists.c.o  -o cmTryCompileExec3126862455 -rdynamic -lpthread 
gmake[2]: Leaving directory `/home/kazuma/RESPACK/build/CMakeFiles/CMakeTmp'
gmake[1]: Leaving directory `/home/kazuma/RESPACK/build/CMakeFiles/CMakeTmp'


Determining if the Fortran cheev exists passed with the following output:
Change Dir: /home/kazuma/RESPACK/build/CMakeFiles/CMakeTmp

Run Build Command:/usr/bin/gmake "cmTryCompileExec1602870826/fast"
gmake[1]: Entering directory `/home/kazuma/RESPACK/build/CMakeFiles/CMakeTmp'
/usr/bin/gmake -f CMakeFiles/cmTryCompileExec1602870826.dir/build.make CMakeFiles/cmTryCompileExec1602870826.dir/build
gmake[2]: Entering directory `/home/kazuma/RESPACK/build/CMakeFiles/CMakeTmp'
/usr/bin/cmake -E cmake_progress_report /home/kazuma/RESPACK/build/CMakeFiles/CMakeTmp/CMakeFiles 1
Building Fortran object CMakeFiles/cmTryCompileExec1602870826.dir/testFortranCompiler.f.o
/opt/intel/compilers_and_libraries_2017.2.174/linux/bin/intel64/ifort    -c /home/kazuma/RESPACK/build/CMakeFiles/CMakeTmp/testFortranCompiler.f -o CMakeFiles/cmTryCompileExec1602870826.dir/testFortranCompiler.f.o
Linking Fortran executable cmTryCompileExec1602870826
/usr/bin/cmake -E cmake_link_script CMakeFiles/cmTryCompileExec1602870826.dir/link.txt --verbose=1
/opt/intel/compilers_and_libraries_2017.2.174/linux/bin/intel64/ifort       CMakeFiles/cmTryCompileExec1602870826.dir/testFortranCompiler.f.o  -o cmTryCompileExec1602870826 -i_dynamic /usr/lib64/liblapack.so /usr/lib64/libblas.so 
ifort: command line remark #10148: option '-i_dynamic' not supported
gmake[2]: Leaving directory `/home/kazuma/RESPACK/build/CMakeFiles/CMakeTmp'
gmake[1]: Leaving directory `/home/kazuma/RESPACK/build/CMakeFiles/CMakeTmp'


