Determining if the pthread_create exist failed with the following output:
Change Dir: /home/kazuma/RESPACK/build/CMakeFiles/CMakeTmp

Run Build Command:/usr/bin/gmake "cmTryCompileExec2447067490/fast"
gmake[1]: Entering directory `/home/kazuma/RESPACK/build/CMakeFiles/CMakeTmp'
/usr/bin/gmake -f CMakeFiles/cmTryCompileExec2447067490.dir/build.make CMakeFiles/cmTryCompileExec2447067490.dir/build
gmake[2]: Entering directory `/home/kazuma/RESPACK/build/CMakeFiles/CMakeTmp'
/usr/bin/cmake -E cmake_progress_report /home/kazuma/RESPACK/build/CMakeFiles/CMakeTmp/CMakeFiles 1
Building C object CMakeFiles/cmTryCompileExec2447067490.dir/CheckSymbolExists.c.o
/opt/intel/compilers_and_libraries_2017.2.174/linux/bin/intel64/icc    -o CMakeFiles/cmTryCompileExec2447067490.dir/CheckSymbolExists.c.o   -c /home/kazuma/RESPACK/build/CMakeFiles/CMakeTmp/CheckSymbolExists.c
Linking C executable cmTryCompileExec2447067490
/usr/bin/cmake -E cmake_link_script CMakeFiles/cmTryCompileExec2447067490.dir/link.txt --verbose=1
/opt/intel/compilers_and_libraries_2017.2.174/linux/bin/intel64/icc       CMakeFiles/cmTryCompileExec2447067490.dir/CheckSymbolExists.c.o  -o cmTryCompileExec2447067490 -rdynamic 
CMakeFiles/cmTryCompileExec2447067490.dir/CheckSymbolExists.c.o: In function `main':
CheckSymbolExists.c:(.text+0x23): undefined reference to `pthread_create'
gmake[2]: *** [cmTryCompileExec2447067490] Error 1
gmake[2]: Leaving directory `/home/kazuma/RESPACK/build/CMakeFiles/CMakeTmp'
gmake[1]: *** [cmTryCompileExec2447067490/fast] Error 2
gmake[1]: Leaving directory `/home/kazuma/RESPACK/build/CMakeFiles/CMakeTmp'

File /home/kazuma/RESPACK/build/CMakeFiles/CMakeTmp/CheckSymbolExists.c:
/* */
#include <pthread.h>

int main(int argc, char** argv)
{
  (void)argv;
#ifndef pthread_create
  return ((int*)(&pthread_create))[argc];
#else
  (void)argc;
  return 0;
#endif
}

Determining if the function pthread_create exists in the pthreads failed with the following output:
Change Dir: /home/kazuma/RESPACK/build/CMakeFiles/CMakeTmp

Run Build Command:/usr/bin/gmake "cmTryCompileExec3049225370/fast"
gmake[1]: Entering directory `/home/kazuma/RESPACK/build/CMakeFiles/CMakeTmp'
/usr/bin/gmake -f CMakeFiles/cmTryCompileExec3049225370.dir/build.make CMakeFiles/cmTryCompileExec3049225370.dir/build
gmake[2]: Entering directory `/home/kazuma/RESPACK/build/CMakeFiles/CMakeTmp'
/usr/bin/cmake -E cmake_progress_report /home/kazuma/RESPACK/build/CMakeFiles/CMakeTmp/CMakeFiles 1
Building C object CMakeFiles/cmTryCompileExec3049225370.dir/CheckFunctionExists.c.o
/opt/intel/compilers_and_libraries_2017.2.174/linux/bin/intel64/icc   -DCHECK_FUNCTION_EXISTS=pthread_create   -o CMakeFiles/cmTryCompileExec3049225370.dir/CheckFunctionExists.c.o   -c /usr/share/cmake/Modules/CheckFunctionExists.c
Linking C executable cmTryCompileExec3049225370
/usr/bin/cmake -E cmake_link_script CMakeFiles/cmTryCompileExec3049225370.dir/link.txt --verbose=1
/opt/intel/compilers_and_libraries_2017.2.174/linux/bin/intel64/icc   -DCHECK_FUNCTION_EXISTS=pthread_create    CMakeFiles/cmTryCompileExec3049225370.dir/CheckFunctionExists.c.o  -o cmTryCompileExec3049225370 -rdynamic -lpthreads 
ld: cannot find -lpthreads
gmake[2]: *** [cmTryCompileExec3049225370] Error 1
gmake[2]: Leaving directory `/home/kazuma/RESPACK/build/CMakeFiles/CMakeTmp'
gmake[1]: *** [cmTryCompileExec3049225370/fast] Error 2
gmake[1]: Leaving directory `/home/kazuma/RESPACK/build/CMakeFiles/CMakeTmp'


